<?xml version="1.0" encoding="UTF-8"?>
<!-- Generated by org.testng.reporters.JUnitReportReporter -->
<testsuite hostname="DESKTOP-3S8FK3H" failures="0" tests="2" name="com.TestNG.TestNGExample" time="28.993" errors="0" timestamp="2025-02-12T19:14:55 IST" skipped="0">
  <testcase classname="com.TestNG.TestNGExample" name="TestHdfc" time="9.359"/>
  <system-out/>
  <testcase classname="com.TestNG.TestNGExample" name="TestFacebook" time="19.634"/>
  <system-out/>
</testsuite> <!-- com.TestNG.TestNGExample -->
